[INFO ]2023-12-18 15:06:15.194 [main]Loggerload-Recipe Name : Masala Chawli
[INFO ]2023-12-18 15:06:31.594 [main]Loggerload-Recipe Name : Turai Aur Moong ki Dal
[INFO ]2023-12-18 15:06:45.392 [main]Loggerload-Recipe Name : Chana, Tuvar and Green Moong Dal, Trevati Dal
[INFO ]2023-12-18 15:07:00.407 [main]Loggerload-Recipe Name : Hearty Red Lentil Soup, Healthy Masoor Dal Soup
[INFO ]2023-12-18 15:07:00.517 [main]Loggerload-Recipe Name : Baingan Bhaja, Bengali Begun Bhaja
[INFO ]2023-12-18 15:07:15.809 [main]Loggerload-Recipe Name : Dal Moghlai ( Low Cholesterol Recipe)
[INFO ]2023-12-18 15:07:29.139 [main]Loggerload-Recipe Name : How To Sprout Moong, Mung Beans
[INFO ]2023-12-18 15:07:43.572 [main]Loggerload-Recipe Name : Oats Moong Dal Tikki
[INFO ]2023-12-18 15:07:59.182 [main]Loggerload-Recipe Name : Buckwheat Dosa
[INFO ]2023-12-18 15:08:12.736 [main]Loggerload-Recipe Name : Quinoa Avocado Veg Healthy Office Salad
[INFO ]2023-12-18 15:08:25.610 [main]Loggerload-Recipe Name : Brown Rice ( Pressure Cooker Method)
[INFO ]2023-12-18 15:08:39.181 [main]Loggerload-Recipe Name : Beetroot Juice, Healthy Beetroot Juice
[INFO ]2023-12-18 15:08:53.133 [main]Loggerload-Recipe Name : Masoor Dal, Easy Masoor Dal Recipe
[INFO ]2023-12-18 15:09:05.992 [main]Loggerload-Recipe Name : Egg Paratha
[INFO ]2023-12-18 15:09:20.086 [main]Loggerload-Recipe Name : Fenugreek and Mushroom Brown Rice
[INFO ]2023-12-18 15:09:33.589 [main]Loggerload-Recipe Name : Barley Moong Dal Vegetable Khichdi, Jau Dal Khichdi
[INFO ]2023-12-18 15:09:48.593 [main]Loggerload-Recipe Name : Khatta Urad Dal ( Zero Oil Urad Dal Recipe)
[INFO ]2023-12-18 15:10:02.811 [main]Loggerload-Recipe Name : Moong Dal Methi Sabzi
[INFO ]2023-12-18 15:10:16.637 [main]Loggerload-Recipe Name : Baked Buckwheat Puri, Healthy Kuttu ki Puri
[INFO ]2023-12-18 15:10:29.685 [main]Loggerload-Recipe Name : Moong Dal Ki Chaat (100 Calorie Snacks)
[INFO ]2023-12-18 15:10:43.744 [main]Loggerload-Recipe Name : Ginger Melon Juice, Ginger Watermelon Juice
[INFO ]2023-12-18 15:10:59.235 [main]Loggerload-Recipe Name : Oats Idli
[INFO ]2023-12-18 15:11:17.414 [main]Loggerload-Recipe Name : Zucchini, Bell Pepper and Sprouted Moong Salad
[INFO ]2023-12-18 15:11:31.382 [main]Loggerload-Recipe Name : Oats Khichdi
[INFO ]2023-12-18 15:11:52.827 [main]Loggerload-Recipe Name : Zucchini and Carrot Clear Soup
[INFO ]2023-12-18 15:11:52.895 [main]Loggerload-Recipe Name : Masoor Dal Recipe
[INFO ]2023-12-18 15:12:04.952 [main]Loggerload-Recipe Name : Mixed Sprouts and Mint Soup
[INFO ]2023-12-18 15:12:05.017 [main]Loggerload-Recipe Name : Roasted Mushroom and Coloured Capsicum Salad
[INFO ]2023-12-18 15:12:18.551 [main]Loggerload-Recipe Name : Carrot and Red Pepper Juice
[INFO ]2023-12-18 15:12:33.267 [main]Loggerload-Recipe Name : Mushroom Brown Rice
[INFO ]2023-12-18 15:12:42.921 [main]Loggerload-Recipe Name : Red Capsicum Carrot and Apple Juice
[INFO ]2023-12-18 15:12:55.795 [main]Loggerload-Recipe Name : Apple Carrot Juice
[INFO ]2023-12-18 15:13:10.725 [main]Loggerload-Recipe Name : Minty Apple Salad
[INFO ]2023-12-18 15:13:25.462 [main]Loggerload-Recipe Name : Dry Masala Chana Dal, Jain Cucumber Chana Dal Sabzi
[INFO ]2023-12-18 15:13:38.355 [main]Loggerload-Recipe Name : Bengali Style Veg Chops, Healthy Low Salt Snack
[INFO ]2023-12-18 15:13:51.769 [main]Loggerload-Recipe Name : Sprouted Matki Uttapam
[INFO ]2023-12-18 15:14:05.971 [main]Loggerload-Recipe Name : Oats Appe, Oats Vegetable Appe
[INFO ]2023-12-18 15:14:20.475 [main]Loggerload-Recipe Name : Oats Nimki, Low Salt Recipe
[INFO ]2023-12-18 15:14:33.300 [main]Loggerload-Recipe Name : Baked Masala Sev
[INFO ]2023-12-18 15:14:46.496 [main]Loggerload-Recipe Name : Minty Quinoa, Ibs Recipe
[INFO ]2023-12-18 15:15:00.442 [main]Loggerload-Recipe Name : Oats, Vegetable and Brown Rice Khichdi
[INFO ]2023-12-18 15:15:13.422 [main]Loggerload-Recipe Name : Avocado and Tomato Salad, Healthy and Quick Salad
[INFO ]2023-12-18 15:15:26.296 [main]Loggerload-Recipe Name : Bean Sprouts and Suva Tossed Salad
[INFO ]2023-12-18 15:15:39.499 [main]Loggerload-Recipe Name : Gavarfali ki Sukhi Subzi
[INFO ]2023-12-18 15:15:52.062 [main]Loggerload-Recipe Name : Muskmelon and Pineapple Juice
[INFO ]2023-12-18 15:16:04.879 [main]Loggerload-Recipe Name : Apple Magic, Lemony Apple Juice
[INFO ]2023-12-18 15:16:16.431 [main]Loggerload-Recipe Name : Bhindi Masala
[INFO ]2023-12-18 15:16:31.665 [main]Loggerload-Recipe Name : Avocado Dip, Avocado Jain Dip
[INFO ]2023-12-18 15:16:52.081 [main]Loggerload-Recipe Name : Fluffy Egg White Masala Omelette
[INFO ]2023-12-18 15:17:04.765 [main]Loggerload-Recipe Name : Mushroom and Green Capsicum Subzi
[INFO ]2023-12-18 15:17:18.921 [main]Loggerload-Recipe Name : Gavar Aur Masoor ki Dal
[INFO ]2023-12-18 15:17:31.387 [main]Loggerload-Recipe Name : Dal and Vegetable Idli
[INFO ]2023-12-18 15:17:44.996 [main]Loggerload-Recipe Name : Lettuce and Apple Salad
[INFO ]2023-12-18 15:17:53.236 [main]Loggerload-Recipe Name : Whole Masoor Salad
[INFO ]2023-12-18 15:18:05.205 [main]Loggerload-Recipe Name : Rajma and Urad Dal
[INFO ]2023-12-18 15:18:17.776 [main]Loggerload-Recipe Name : Muskmelon, Pear and Apple Salad
[INFO ]2023-12-18 15:18:29.417 [main]Loggerload-Recipe Name : Citrus Watermelon Salad
[INFO ]2023-12-18 15:18:43.065 [main]Loggerload-Recipe Name : Chawli, Rajma and Chick Pea Healthy Salad
[INFO ]2023-12-18 15:18:56.310 [main]Loggerload-Recipe Name : Papaya Coconut Drink
[INFO ]2023-12-18 15:19:10.779 [main]Loggerload-Recipe Name : Minty Bean Salad
[INFO ]2023-12-18 15:19:22.585 [main]Loggerload-Recipe Name : Rajma Cucumber and Carrot Salad
